<?xml version="1.0" encoding="UTF-8"?>
<!-- Generated by org.testng.reporters.JUnitReportReporter -->
<testsuite hostname="LAPTOP-UPUAP0AE" name="com.inetbanking.testcases.Tc_LoginTest_001" tests="2" failures="0" timestamp="17 Oct 2022 06:46:52 GMT" time="9.258" errors="0">
  <testcase name="anotherLoginTest" time="5.886" classname="com.inetbanking.testcases.Tc_LoginTest_001"/>
  <testcase name="loginTest" time="3.372" classname="com.inetbanking.testcases.Tc_LoginTest_001"/>
</testsuite> <!-- com.inetbanking.testcases.Tc_LoginTest_001 -->
